[debug] [2021-07-15T23:02:32.743Z] ----------------------------------------------------------------------
[debug] [2021-07-15T23:02:32.745Z] Command:       C:\Program Files\nodejs\node.exe C:\Users\mouad\AppData\Roaming\npm\node_modules\firebase-tools\lib\bin\firebase.js init
[debug] [2021-07-15T23:02:32.746Z] CLI Version:   9.16.0
[debug] [2021-07-15T23:02:32.746Z] Platform:      win32
[debug] [2021-07-15T23:02:32.746Z] Node Version:  v14.17.0
[debug] [2021-07-15T23:02:32.747Z] Time:          Fri Jul 16 2021 00:02:32 GMT+0100 (UTC+01:00)
[debug] [2021-07-15T23:02:32.747Z] ----------------------------------------------------------------------
[debug] 
[debug] [2021-07-15T23:02:32.809Z] > command requires scopes: ["email","openid","https://www.googleapis.com/auth/cloudplatformprojects.readonly","https://www.googleapis.com/auth/firebase","https://www.googleapis.com/auth/cloud-platform"]
[debug] [2021-07-15T23:02:32.809Z] > authorizing via signed-in user (mouadpro3@gmail.com)
[info] 
     ######## #### ########  ######## ########     ###     ######  ########
     ##        ##  ##     ## ##       ##     ##  ##   ##  ##       ##
     ######    ##  ########  ######   ########  #########  ######  ######
     ##        ##  ##    ##  ##       ##     ## ##     ##       ## ##
     ##       #### ##     ## ######## ########  ##     ##  ######  ########

You're about to initialize a Firebase project in this directory:

  C:\Users\mouad\Desktop\modif\storiez-web

Before we get started, keep in mind:

  * You are initializing within an existing Firebase project directory

